<?xml version="1.0" encoding="UTF-8"?>
<!-- Generated by org.testng.reporters.JUnitXMLReporter -->
<testsuite ignored="1" hostname="LAP-SG-10226" failures="1" tests="13" name="Default test" time="76.337" errors="0" timestamp="2025-02-12T18:26:20 IST">
  <testcase classname="fcaa.testCase.glossary" name="@BeforeMethod setUpGlossary" time="0.024">
    <failure type="org.openqa.selenium.NoSuchWindowException" message="no such window: target window already closed
from unknown error: web view not found
  (Session info: chrome=132.0.6834.160)
Build info: version: &amp;apos;4.23.0&amp;apos;, revision: &amp;apos;4df0a231af&amp;apos;
System info: os.name: &amp;apos;Windows 10&amp;apos;, os.arch: &amp;apos;amd64&amp;apos;, os.version: &amp;apos;10.0&amp;apos;, java.version: &amp;apos;23&amp;apos;
Driver info: org.openqa.selenium.chrome.ChromeDriver
Command: [2a843d86ef564a409c1d0dbf3e21c228, findElement {using=xpath, value=//span[text()=&amp;apos;Glossary&amp;apos;]}]
Capabilities {acceptInsecureCerts: false, browserName: chrome, browserVersion: 132.0.6834.160, chrome: {chromedriverVersion: 132.0.6834.159 (2d77d3fc445..., userDataDir: C:\Users\SENTIE~1\AppData\L...}, fedcm:accounts: true, goog:chromeOptions: {debuggerAddress: localhost:59218}, networkConnectionEnabled: false, pageLoadStrategy: normal, platformName: windows, proxy: Proxy(), se:cdp: ws://localhost:59218/devtoo..., se:cdpVersion: 132.0.6834.160, setWindowRect: true, strictFileInteractability: false, timeouts: {implicit: 0, pageLoad: 300000, script: 30000}, unhandledPromptBehavior: dismiss and notify, webauthn:extension:credBlob: true, webauthn:extension:largeBlob: true, webauthn:extension:minPinLength: true, webauthn:extension:prf: true, webauthn:virtualAuthenticators: true}
Session ID: 2a843d86ef564a409c1d0dbf3e21c228">
      <![CDATA[org.openqa.selenium.NoSuchWindowException: no such window: target window already closed
from unknown error: web view not found
  (Session info: chrome=132.0.6834.160)
Build info: version: '4.23.0', revision: '4df0a231af'
System info: os.name: 'Windows 10', os.arch: 'amd64', os.version: '10.0', java.version: '23'
Driver info: org.openqa.selenium.chrome.ChromeDriver
Command: [2a843d86ef564a409c1d0dbf3e21c228, findElement {using=xpath, value=//span[text()='Glossary']}]
Capabilities {acceptInsecureCerts: false, browserName: chrome, browserVersion: 132.0.6834.160, chrome: {chromedriverVersion: 132.0.6834.159 (2d77d3fc445..., userDataDir: C:\Users\SENTIE~1\AppData\L...}, fedcm:accounts: true, goog:chromeOptions: {debuggerAddress: localhost:59218}, networkConnectionEnabled: false, pageLoadStrategy: normal, platformName: windows, proxy: Proxy(), se:cdp: ws://localhost:59218/devtoo..., se:cdpVersion: 132.0.6834.160, setWindowRect: true, strictFileInteractability: false, timeouts: {implicit: 0, pageLoad: 300000, script: 30000}, unhandledPromptBehavior: dismiss and notify, webauthn:extension:credBlob: true, webauthn:extension:largeBlob: true, webauthn:extension:minPinLength: true, webauthn:extension:prf: true, webauthn:virtualAuthenticators: true}
Session ID: 2a843d86ef564a409c1d0dbf3e21c228
at java.base/jdk.internal.reflect.DirectConstructorHandleAccessor.newInstance(DirectConstructorHandleAccessor.java:62)
at java.base/java.lang.reflect.Constructor.newInstanceWithCaller(Constructor.java:501)
at java.base/java.lang.reflect.Constructor.newInstance(Constructor.java:485)
at org.openqa.selenium.remote.ErrorCodec.decode(ErrorCodec.java:167)
at org.openqa.selenium.remote.codec.w3c.W3CHttpResponseCodec.decode(W3CHttpResponseCodec.java:138)
at org.openqa.selenium.remote.codec.w3c.W3CHttpResponseCodec.decode(W3CHttpResponseCodec.java:50)
at org.openqa.selenium.remote.HttpCommandExecutor.execute(HttpCommandExecutor.java:190)
at org.openqa.selenium.remote.service.DriverCommandExecutor.invokeExecute(DriverCommandExecutor.java:216)
at org.openqa.selenium.remote.service.DriverCommandExecutor.execute(DriverCommandExecutor.java:174)
at org.openqa.selenium.remote.RemoteWebDriver.execute(RemoteWebDriver.java:527)
at org.openqa.selenium.remote.ElementLocation$ElementFinder$2.findElement(ElementLocation.java:165)
at org.openqa.selenium.remote.ElementLocation.findElement(ElementLocation.java:59)
at org.openqa.selenium.remote.RemoteWebDriver.findElement(RemoteWebDriver.java:357)
at org.openqa.selenium.remote.RemoteWebDriver.findElement(RemoteWebDriver.java:351)
at org.openqa.selenium.support.pagefactory.DefaultElementLocator.findElement(DefaultElementLocator.java:68)
at org.openqa.selenium.support.pagefactory.internal.LocatingElementHandler.invoke(LocatingElementHandler.java:38)
at jdk.proxy2/jdk.proxy2.$Proxy14.click(Unknown Source)
at fcaa.AbstractComponnent.MenuBar.goToGlossary(MenuBar.java:83)
at fcaa.testCase.glossary.setUpGlossary(glossary.java:22)
at java.base/jdk.internal.reflect.DirectMethodHandleAccessor.invoke(DirectMethodHandleAccessor.java:103)
at java.base/java.lang.reflect.Method.invoke(Method.java:580)
at org.testng.internal.MethodInvocationHelper.invokeMethod(MethodInvocationHelper.java:133)
at org.testng.internal.MethodInvocationHelper.invokeMethodConsideringTimeout(MethodInvocationHelper.java:62)
at org.testng.internal.ConfigInvoker.invokeConfigurationMethod(ConfigInvoker.java:385)
at org.testng.internal.ConfigInvoker.invokeConfigurations(ConfigInvoker.java:321)
at org.testng.internal.TestInvoker.runConfigMethods(TestInvoker.java:700)
at org.testng.internal.TestInvoker.invokeMethod(TestInvoker.java:527)
at org.testng.internal.TestInvoker.invokeTestMethod(TestInvoker.java:173)
at org.testng.internal.MethodRunner.runInSequence(MethodRunner.java:46)
at org.testng.internal.TestInvoker$MethodInvocationAgent.invoke(TestInvoker.java:824)
at org.testng.internal.TestInvoker.invokeTestMethods(TestInvoker.java:146)
at org.testng.internal.TestMethodWorker.invokeTestMethods(TestMethodWorker.java:146)
at org.testng.internal.TestMethodWorker.run(TestMethodWorker.java:128)
at java.base/java.util.ArrayList.forEach(ArrayList.java:1597)
at org.testng.TestRunner.privateRun(TestRunner.java:794)
at org.testng.TestRunner.run(TestRunner.java:596)
at org.testng.SuiteRunner.runTest(SuiteRunner.java:377)
at org.testng.SuiteRunner.runSequentially(SuiteRunner.java:371)
at org.testng.SuiteRunner.privateRun(SuiteRunner.java:332)
at org.testng.SuiteRunner.run(SuiteRunner.java:276)
at org.testng.SuiteRunnerWorker.runSuite(SuiteRunnerWorker.java:53)
at org.testng.SuiteRunnerWorker.run(SuiteRunnerWorker.java:96)
at org.testng.TestNG.runSuitesSequentially(TestNG.java:1212)
at org.testng.TestNG.runSuitesLocally(TestNG.java:1134)
at org.testng.TestNG.runSuites(TestNG.java:1063)
at org.testng.TestNG.run(TestNG.java:1031)
at org.testng.remote.AbstractRemoteTestNG.run(AbstractRemoteTestNG.java:115)
at org.testng.remote.RemoteTestNG.initAndRun(RemoteTestNG.java:293)
at org.testng.remote.RemoteTestNG.main(RemoteTestNG.java:91)
]]>
    </failure>
  </testcase> <!-- @BeforeMethod setUpGlossary -->
  <testcase classname="fcaa.testComponent.BaseClass" name="@AfterMethod tearDown" time="-1.739364979742E9">
    <skipped/>
  </testcase> <!-- @AfterMethod tearDown -->
  <testcase classname="fcaa.testComponent.BaseClass" name="@BeforeMethod LaunchApplication" time="-1.739364979747E9">
    <skipped/>
  </testcase> <!-- @BeforeMethod LaunchApplication -->
  <testcase classname="fcaa.testCase.glossary" name="@BeforeMethod setUpGlossary" time="-1.739364979752E9">
    <skipped/>
  </testcase> <!-- @BeforeMethod setUpGlossary -->
  <testcase classname="fcaa.testComponent.BaseClass" name="@AfterMethod tearDown" time="-1.739364979787E9">
    <skipped/>
  </testcase> <!-- @AfterMethod tearDown -->
  <testcase classname="fcaa.testComponent.BaseClass" name="@BeforeMethod LaunchApplication" time="-1.739364979792E9">
    <skipped/>
  </testcase> <!-- @BeforeMethod LaunchApplication -->
  <testcase classname="fcaa.testCase.glossary" name="@BeforeMethod setUpGlossary" time="-1.739364979804E9">
    <skipped/>
  </testcase> <!-- @BeforeMethod setUpGlossary -->
  <testcase classname="fcaa.testComponent.BaseClass" name="@AfterMethod tearDown" time="-1.739364979897E9">
    <skipped/>
  </testcase> <!-- @AfterMethod tearDown -->
  <testcase classname="fcaa.testComponent.BaseClass" name="@BeforeMethod LaunchApplication" time="-1.739364979903E9">
    <skipped/>
  </testcase> <!-- @BeforeMethod LaunchApplication -->
  <testcase classname="fcaa.testCase.glossary" name="@BeforeMethod setUpGlossary" time="-1.739364979952E9">
    <skipped/>
  </testcase> <!-- @BeforeMethod setUpGlossary -->
  <testcase classname="fcaa.testComponent.BaseClass" name="@AfterMethod tearDown" time="-1.739364980009E9">
    <skipped/>
  </testcase> <!-- @AfterMethod tearDown -->
  <testcase classname="fcaa.testComponent.BaseClass" name="@BeforeMethod LaunchApplication" time="-1.739364980011E9">
    <skipped/>
  </testcase> <!-- @BeforeMethod LaunchApplication -->
  <testcase classname="fcaa.testCase.glossary" name="@BeforeMethod setUpGlossary" time="-1.739364980019E9">
    <skipped/>
  </testcase> <!-- @BeforeMethod setUpGlossary -->
  <testcase classname="fcaa.testComponent.BaseClass" name="@AfterMethod tearDown" time="-1.739364980057E9">
    <skipped/>
  </testcase> <!-- @AfterMethod tearDown -->
  <testcase classname="fcaa.testComponent.BaseClass" name="@BeforeMethod LaunchApplication" time="-1.73936498006E9">
    <skipped/>
  </testcase> <!-- @BeforeMethod LaunchApplication -->
  <testcase classname="fcaa.testCase.glossary" name="@BeforeMethod setUpGlossary" time="-1.739364980062E9">
    <skipped/>
  </testcase> <!-- @BeforeMethod setUpGlossary -->
  <testcase classname="fcaa.testComponent.BaseClass" name="@AfterMethod tearDown" time="-1.739364980163E9">
    <skipped/>
  </testcase> <!-- @AfterMethod tearDown -->
  <testcase classname="fcaa.testComponent.BaseClass" name="@BeforeMethod LaunchApplication" time="-1.739364980165E9">
    <skipped/>
  </testcase> <!-- @BeforeMethod LaunchApplication -->
  <testcase classname="fcaa.testCase.glossary" name="@BeforeMethod setUpGlossary" time="-1.739364980167E9">
    <skipped/>
  </testcase> <!-- @BeforeMethod setUpGlossary -->
  <testcase classname="fcaa.testComponent.BaseClass" name="@AfterMethod tearDown" time="-1.739364980194E9">
    <skipped/>
  </testcase> <!-- @AfterMethod tearDown -->
  <testcase classname="fcaa.testComponent.BaseClass" name="@BeforeMethod LaunchApplication" time="-1.739364980202E9">
    <skipped/>
  </testcase> <!-- @BeforeMethod LaunchApplication -->
  <testcase classname="fcaa.testCase.glossary" name="@BeforeMethod setUpGlossary" time="-1.739364980203E9">
    <skipped/>
  </testcase> <!-- @BeforeMethod setUpGlossary -->
  <testcase classname="fcaa.testComponent.BaseClass" name="@AfterMethod tearDown" time="-1.739364980214E9">
    <skipped/>
  </testcase> <!-- @AfterMethod tearDown -->
  <testcase classname="fcaa.testComponent.BaseClass" name="@BeforeMethod LaunchApplication" time="-1.739364980217E9">
    <skipped/>
  </testcase> <!-- @BeforeMethod LaunchApplication -->
  <testcase classname="fcaa.testCase.glossary" name="@BeforeMethod setUpGlossary" time="-1.739364980218E9">
    <skipped/>
  </testcase> <!-- @BeforeMethod setUpGlossary -->
  <testcase classname="fcaa.testComponent.BaseClass" name="@AfterMethod tearDown" time="-1.739364980224E9">
    <skipped/>
  </testcase> <!-- @AfterMethod tearDown -->
  <testcase classname="fcaa.testComponent.BaseClass" name="@BeforeMethod LaunchApplication" time="-1.739364980226E9">
    <skipped/>
  </testcase> <!-- @BeforeMethod LaunchApplication -->
  <testcase classname="fcaa.testCase.glossary" name="@BeforeMethod setUpGlossary" time="-1.739364980227E9">
    <skipped/>
  </testcase> <!-- @BeforeMethod setUpGlossary -->
  <testcase classname="fcaa.testComponent.BaseClass" name="@AfterMethod tearDown" time="-1.739364980235E9">
    <skipped/>
  </testcase> <!-- @AfterMethod tearDown -->
  <testcase classname="fcaa.testComponent.BaseClass" name="@BeforeMethod LaunchApplication" time="-1.739364980354E9">
    <skipped/>
  </testcase> <!-- @BeforeMethod LaunchApplication -->
  <testcase classname="fcaa.testCase.glossary" name="@BeforeMethod setUpGlossary" time="-1.739364980355E9">
    <skipped/>
  </testcase> <!-- @BeforeMethod setUpGlossary -->
  <testcase classname="fcaa.testComponent.BaseClass" name="@AfterMethod tearDown" time="-1.739364980373E9">
    <skipped/>
  </testcase> <!-- @AfterMethod tearDown -->
  <testcase classname="fcaa.testComponent.BaseClass" name="@BeforeMethod LaunchApplication" time="-1.739364980382E9">
    <skipped/>
  </testcase> <!-- @BeforeMethod LaunchApplication -->
  <testcase classname="fcaa.testCase.glossary" name="@BeforeMethod setUpGlossary" time="-1.739364980385E9">
    <skipped/>
  </testcase> <!-- @BeforeMethod setUpGlossary -->
  <testcase classname="fcaa.testComponent.BaseClass" name="@AfterMethod tearDown" time="-1.739364980402E9">
    <skipped/>
  </testcase> <!-- @AfterMethod tearDown -->
  <testcase classname="fcaa.testCase.glossary" name="testBooleanSearch" time="41.236">
    <failure type="org.openqa.selenium.NoSuchWindowException" message="no such window: target window already closed
from unknown error: web view not found
  (Session info: chrome=132.0.6834.160)
Build info: version: &amp;apos;4.23.0&amp;apos;, revision: &amp;apos;4df0a231af&amp;apos;
System info: os.name: &amp;apos;Windows 10&amp;apos;, os.arch: &amp;apos;amd64&amp;apos;, os.version: &amp;apos;10.0&amp;apos;, java.version: &amp;apos;23&amp;apos;
Driver info: org.openqa.selenium.chrome.ChromeDriver
Command: [99a297d0dbb6c35342408ecc96406367, findElement {using=css selector, value=button[aria-label=&amp;apos;Next Page&amp;apos;]}]
Capabilities {acceptInsecureCerts: false, browserName: chrome, browserVersion: 132.0.6834.160, chrome: {chromedriverVersion: 132.0.6834.159 (2d77d3fc445..., userDataDir: C:\Users\SENTIE~1\AppData\L...}, fedcm:accounts: true, goog:chromeOptions: {debuggerAddress: localhost:58979}, networkConnectionEnabled: false, pageLoadStrategy: normal, platformName: windows, proxy: Proxy(), se:cdp: ws://localhost:58979/devtoo..., se:cdpVersion: 132.0.6834.160, setWindowRect: true, strictFileInteractability: false, timeouts: {implicit: 0, pageLoad: 300000, script: 30000}, unhandledPromptBehavior: dismiss and notify, webauthn:extension:credBlob: true, webauthn:extension:largeBlob: true, webauthn:extension:minPinLength: true, webauthn:extension:prf: true, webauthn:virtualAuthenticators: true}
Session ID: 99a297d0dbb6c35342408ecc96406367">
      <![CDATA[org.openqa.selenium.NoSuchWindowException: no such window: target window already closed
from unknown error: web view not found
  (Session info: chrome=132.0.6834.160)
Build info: version: '4.23.0', revision: '4df0a231af'
System info: os.name: 'Windows 10', os.arch: 'amd64', os.version: '10.0', java.version: '23'
Driver info: org.openqa.selenium.chrome.ChromeDriver
Command: [99a297d0dbb6c35342408ecc96406367, findElement {using=css selector, value=button[aria-label='Next Page']}]
Capabilities {acceptInsecureCerts: false, browserName: chrome, browserVersion: 132.0.6834.160, chrome: {chromedriverVersion: 132.0.6834.159 (2d77d3fc445..., userDataDir: C:\Users\SENTIE~1\AppData\L...}, fedcm:accounts: true, goog:chromeOptions: {debuggerAddress: localhost:58979}, networkConnectionEnabled: false, pageLoadStrategy: normal, platformName: windows, proxy: Proxy(), se:cdp: ws://localhost:58979/devtoo..., se:cdpVersion: 132.0.6834.160, setWindowRect: true, strictFileInteractability: false, timeouts: {implicit: 0, pageLoad: 300000, script: 30000}, unhandledPromptBehavior: dismiss and notify, webauthn:extension:credBlob: true, webauthn:extension:largeBlob: true, webauthn:extension:minPinLength: true, webauthn:extension:prf: true, webauthn:virtualAuthenticators: true}
Session ID: 99a297d0dbb6c35342408ecc96406367
at java.base/jdk.internal.reflect.DirectConstructorHandleAccessor.newInstance(DirectConstructorHandleAccessor.java:62)
at java.base/java.lang.reflect.Constructor.newInstanceWithCaller(Constructor.java:501)
at java.base/java.lang.reflect.Constructor.newInstance(Constructor.java:485)
at org.openqa.selenium.remote.ErrorCodec.decode(ErrorCodec.java:167)
at org.openqa.selenium.remote.codec.w3c.W3CHttpResponseCodec.decode(W3CHttpResponseCodec.java:138)
at org.openqa.selenium.remote.codec.w3c.W3CHttpResponseCodec.decode(W3CHttpResponseCodec.java:50)
at org.openqa.selenium.remote.HttpCommandExecutor.execute(HttpCommandExecutor.java:190)
at org.openqa.selenium.remote.service.DriverCommandExecutor.invokeExecute(DriverCommandExecutor.java:216)
at org.openqa.selenium.remote.service.DriverCommandExecutor.execute(DriverCommandExecutor.java:174)
at org.openqa.selenium.remote.RemoteWebDriver.execute(RemoteWebDriver.java:527)
at org.openqa.selenium.remote.ElementLocation$ElementFinder$2.findElement(ElementLocation.java:165)
at org.openqa.selenium.remote.ElementLocation.findElement(ElementLocation.java:59)
at org.openqa.selenium.remote.RemoteWebDriver.findElement(RemoteWebDriver.java:357)
at org.openqa.selenium.remote.RemoteWebDriver.findElement(RemoteWebDriver.java:351)
at org.openqa.selenium.support.pagefactory.DefaultElementLocator.findElement(DefaultElementLocator.java:68)
at org.openqa.selenium.support.pagefactory.internal.LocatingElementHandler.invoke(LocatingElementHandler.java:38)
at jdk.proxy2/jdk.proxy2.$Proxy14.click(Unknown Source)
at fcaa.AbstractComponnent.Utility.goToNextPageAndIsNextPageAvailable(Utility.java:319)
at fcaa.pageObject.Glossary.validateResults(Glossary.java:81)
at fcaa.testCase.glossary.testBooleanSearch(glossary.java:38)
at java.base/jdk.internal.reflect.DirectMethodHandleAccessor.invoke(DirectMethodHandleAccessor.java:103)
at java.base/java.lang.reflect.Method.invoke(Method.java:580)
at org.testng.internal.MethodInvocationHelper.invokeMethod(MethodInvocationHelper.java:133)
at org.testng.internal.TestInvoker.invokeMethod(TestInvoker.java:598)
at org.testng.internal.TestInvoker.invokeTestMethod(TestInvoker.java:173)
at org.testng.internal.MethodRunner.runInSequence(MethodRunner.java:46)
at org.testng.internal.TestInvoker$MethodInvocationAgent.invoke(TestInvoker.java:824)
at org.testng.internal.TestInvoker.invokeTestMethods(TestInvoker.java:146)
at org.testng.internal.TestMethodWorker.invokeTestMethods(TestMethodWorker.java:146)
at org.testng.internal.TestMethodWorker.run(TestMethodWorker.java:128)
at java.base/java.util.ArrayList.forEach(ArrayList.java:1597)
at org.testng.TestRunner.privateRun(TestRunner.java:794)
at org.testng.TestRunner.run(TestRunner.java:596)
at org.testng.SuiteRunner.runTest(SuiteRunner.java:377)
at org.testng.SuiteRunner.runSequentially(SuiteRunner.java:371)
at org.testng.SuiteRunner.privateRun(SuiteRunner.java:332)
at org.testng.SuiteRunner.run(SuiteRunner.java:276)
at org.testng.SuiteRunnerWorker.runSuite(SuiteRunnerWorker.java:53)
at org.testng.SuiteRunnerWorker.run(SuiteRunnerWorker.java:96)
at org.testng.TestNG.runSuitesSequentially(TestNG.java:1212)
at org.testng.TestNG.runSuitesLocally(TestNG.java:1134)
at org.testng.TestNG.runSuites(TestNG.java:1063)
at org.testng.TestNG.run(TestNG.java:1031)
at org.testng.remote.AbstractRemoteTestNG.run(AbstractRemoteTestNG.java:115)
at org.testng.remote.RemoteTestNG.initAndRun(RemoteTestNG.java:293)
at org.testng.remote.RemoteTestNG.main(RemoteTestNG.java:91)
]]>
    </failure>
  </testcase> <!-- testBooleanSearch -->
  <testcase classname="fcaa.testCase.glossary" name="testBooleanSearch" time="0.0">
    <skipped/>
  </testcase> <!-- testBooleanSearch -->
  <testcase classname="fcaa.testCase.glossary" name="testBooleanSearch" time="0.0">
    <skipped/>
  </testcase> <!-- testBooleanSearch -->
  <testcase classname="fcaa.testCase.glossary" name="testBooleanSearch" time="0.0">
    <skipped/>
  </testcase> <!-- testBooleanSearch -->
  <testcase classname="fcaa.testCase.glossary" name="testBooleanSearch" time="0.0">
    <skipped/>
  </testcase> <!-- testBooleanSearch -->
  <testcase classname="fcaa.testCase.glossary" name="testBooleanSearch" time="0.0">
    <skipped/>
  </testcase> <!-- testBooleanSearch -->
  <testcase classname="fcaa.testCase.glossary" name="testBooleanSearch" time="0.0">
    <skipped/>
  </testcase> <!-- testBooleanSearch -->
  <testcase classname="fcaa.testCase.glossary" name="testBooleanSearch" time="0.0">
    <skipped/>
  </testcase> <!-- testBooleanSearch -->
  <testcase classname="fcaa.testCase.glossary" name="testBooleanSearch" time="0.0">
    <skipped/>
  </testcase> <!-- testBooleanSearch -->
  <testcase classname="fcaa.testCase.glossary" name="testBooleanSearch" time="0.0">
    <skipped/>
  </testcase> <!-- testBooleanSearch -->
  <testcase classname="fcaa.testCase.glossary" name="testBooleanSearch" time="0.0">
    <skipped/>
  </testcase> <!-- testBooleanSearch -->
  <testcase classname="fcaa.testCase.glossary" name="testBooleanSearch" time="0.0">
    <skipped/>
  </testcase> <!-- testBooleanSearch -->
  <testcase classname="fcaa.testCase.glossary" name="testBooleanSearch" time="0.0">
    <skipped/>
  </testcase> <!-- testBooleanSearch -->
  <testcase classname="fcaa.testCase.glossary" name="testsearchbox" time="0.0">
    <ignored/>
  </testcase> <!-- testsearchbox -->
</testsuite> <!-- Default test -->
