<?xml version="1.0" encoding="UTF-8"?>
<!-- Generated by org.testng.reporters.JUnitXMLReporter -->
<testsuite ignored="0" hostname="LAP-SG-10109" failures="4" tests="59" name="Test" time="2407.132" errors="0" timestamp="2024-11-18T14:14:28 IST">
  <testcase classname="fcaa.testCase.latestNews" name="testsearchbox" time="1.253"/>
  <testcase classname="fcaa.testCase.latestNews" name="testOldest" time="14.001"/>
  <testcase classname="fcaa.testCase.latestNews" name="testNewest" time="14.546"/>
  <testcase classname="fcaa.testCase.latestNews" name="testTitleDescending" time="23.114"/>
  <testcase classname="fcaa.testCase.latestNews" name="testTitleAscending" time="22.986"/>
  <testcase classname="fcaa.testCase.latestNews" name="testMonthRadio" time="0.799"/>
  <testcase classname="fcaa.testCase.latestNews" name="testdateRange" time="1.074"/>
  <testcase classname="fcaa.testCase.latestNews" name="verifyDataWithinDateRange" time="8.005"/>
  <testcase classname="fcaa.testCase.latestNews" name="verifyRadioButtonUnselect" time="1.392"/>
  <testcase classname="fcaa.testCase.latestNews" name="verifyDateRangeClear" time="1.012"/>
  <testcase classname="fcaa.testCase.latestNews" name="verifyTotalCount" time="7.382"/>
  <testcase classname="fcaa.testCase.latestNews" name="verifyLinkText" time="2.538"/>
  <testcase classname="fcaa.testCase.latestNews" name="verifygoBack" time="2.246"/>
  <testcase classname="fcaa.testCase.latestNews" name="testVerifyOpenPdfInNewTab" time="3.756"/>
  <testcase classname="fcaa.testCase.latestNews" name="verifyFirstPageNumber" time="16.167"/>
  <testcase classname="fcaa.testCase.latestNews" name="verifyPreviousPageNumber" time="16.147"/>
  <testcase classname="fcaa.testCase.latestNews" name="verifyNextPageNumber" time="8.087"/>
  <testcase classname="fcaa.testCase.latestNews" name="verifyLastPageNumber" time="8.08"/>
  <testcase classname="fcaa.testCase.forms" name="verifyDataWithinDateRange" time="47.118">
    <failure type="java.lang.AssertionError" message="Not all displayed dates are within the specified range. expected [true] but found [false]">
      <![CDATA[java.lang.AssertionError: Not all displayed dates are within the specified range. expected [true] but found [false]
at fcaa.testCase.forms.verifyDataWithinDateRange(forms.java:193)
at java.base/java.util.ArrayList.forEach(ArrayList.java:1597)
... Removed 28 stack frames]]>
    </failure>
  </testcase> <!-- verifyDataWithinDateRange -->
  <testcase classname="fcaa.testCase.forms" name="testsearchbox" time="0.859"/>
  <testcase classname="fcaa.testCase.forms" name="testOldest" time="92.52"/>
  <testcase classname="fcaa.testCase.forms" name="testNewest" time="91.6"/>
  <testcase classname="fcaa.testCase.forms" name="testTitleDescending" time="171.704"/>
  <testcase classname="fcaa.testCase.forms" name="testTitleAscending" time="163.648"/>
  <testcase classname="fcaa.testCase.forms" name="testMonthRadio" time="0.62"/>
  <testcase classname="fcaa.testCase.forms" name="testdateRange" time="1.16"/>
  <testcase classname="fcaa.testCase.forms" name="verifyRadioButtonUnselect" time="0.995"/>
  <testcase classname="fcaa.testCase.forms" name="verifyDateRangeClear" time="6.257"/>
  <testcase classname="fcaa.testCase.forms" name="verifyTotalCount" time="36.776"/>
  <testcase classname="fcaa.testCase.forms" name="verifyFirstPageNumber" time="19.615"/>
  <testcase classname="fcaa.testCase.forms" name="verifyPreviousPageNumber" time="19.578"/>
  <testcase classname="fcaa.testCase.forms" name="verifyNextPageNumber" time="11.167"/>
  <testcase classname="fcaa.testCase.forms" name="verifyLastPageNumber" time="16.239"/>
  <testcase classname="fcaa.testCase.level3materials" name="testTitleDescending" time="46.54">
    <failure type="java.lang.AssertionError" message="expected [true] but found [false]">
      <![CDATA[java.lang.AssertionError: expected [true] but found [false]
at fcaa.testCase.level3materials.testTitleDescending(level3materials.java:93)
at java.base/java.util.ArrayList.forEach(ArrayList.java:1597)
... Removed 29 stack frames]]>
    </failure>
  </testcase> <!-- testTitleDescending -->
  <testcase classname="fcaa.testCase.level3materials" name="testTitleAscending" time="6.375">
    <failure type="org.openqa.selenium.NoSuchElementException" message="no such element: Unable to locate element: {&amp;quot;method&amp;quot;:&amp;quot;xpath&amp;quot;,&amp;quot;selector&amp;quot;:&amp;quot;//span[normalize-space()=&amp;apos;Title Descending&amp;apos;]&amp;quot;}
  (Session info: chrome=130.0.6723.117)
For documentation on this error, please visit: https://www.selenium.dev/documentation/webdriver/troubleshooting/errors#no-such-element-exception
Build info: version: &amp;apos;4.23.0&amp;apos;, revision: &amp;apos;4df0a231af&amp;apos;
System info: os.name: &amp;apos;Windows 10&amp;apos;, os.arch: &amp;apos;amd64&amp;apos;, os.version: &amp;apos;10.0&amp;apos;, java.version: &amp;apos;22.0.2&amp;apos;
Driver info: org.openqa.selenium.chrome.ChromeDriver
Command: [193196f6b07a2296c8f95a1124367d24, findElement {using=xpath, value=//span[normalize-space()=&amp;apos;Title Descending&amp;apos;]}]
Capabilities {acceptInsecureCerts: false, browserName: chrome, browserVersion: 130.0.6723.117, chrome: {chromedriverVersion: 130.0.6723.116 (6ac35f94ae3..., userDataDir: C:\Users\ROYALT~1\AppData\L...}, fedcm:accounts: true, goog:chromeOptions: {debuggerAddress: localhost:64136}, networkConnectionEnabled: false, pageLoadStrategy: normal, platformName: windows, proxy: Proxy(), se:cdp: ws://localhost:64136/devtoo..., se:cdpVersion: 130.0.6723.117, setWindowRect: true, strictFileInteractability: false, timeouts: {implicit: 0, pageLoad: 300000, script: 30000}, unhandledPromptBehavior: dismiss and notify, webauthn:extension:credBlob: true, webauthn:extension:largeBlob: true, webauthn:extension:minPinLength: true, webauthn:extension:prf: true, webauthn:virtualAuthenticators: true}
Session ID: 193196f6b07a2296c8f95a1124367d24">
      <![CDATA[org.openqa.selenium.NoSuchElementException: no such element: Unable to locate element: {"method":"xpath","selector":"//span[normalize-space()='Title Descending']"}
  (Session info: chrome=130.0.6723.117)
For documentation on this error, please visit: https://www.selenium.dev/documentation/webdriver/troubleshooting/errors#no-such-element-exception
Build info: version: '4.23.0', revision: '4df0a231af'
System info: os.name: 'Windows 10', os.arch: 'amd64', os.version: '10.0', java.version: '22.0.2'
Driver info: org.openqa.selenium.chrome.ChromeDriver
Command: [193196f6b07a2296c8f95a1124367d24, findElement {using=xpath, value=//span[normalize-space()='Title Descending']}]
Capabilities {acceptInsecureCerts: false, browserName: chrome, browserVersion: 130.0.6723.117, chrome: {chromedriverVersion: 130.0.6723.116 (6ac35f94ae3..., userDataDir: C:\Users\ROYALT~1\AppData\L...}, fedcm:accounts: true, goog:chromeOptions: {debuggerAddress: localhost:64136}, networkConnectionEnabled: false, pageLoadStrategy: normal, platformName: windows, proxy: Proxy(), se:cdp: ws://localhost:64136/devtoo..., se:cdpVersion: 130.0.6723.117, setWindowRect: true, strictFileInteractability: false, timeouts: {implicit: 0, pageLoad: 300000, script: 30000}, unhandledPromptBehavior: dismiss and notify, webauthn:extension:credBlob: true, webauthn:extension:largeBlob: true, webauthn:extension:minPinLength: true, webauthn:extension:prf: true, webauthn:virtualAuthenticators: true}
Session ID: 193196f6b07a2296c8f95a1124367d24
at org.openqa.selenium.remote.ErrorCodec.decode(ErrorCodec.java:167)
at org.openqa.selenium.remote.codec.w3c.W3CHttpResponseCodec.decode(W3CHttpResponseCodec.java:138)
at org.openqa.selenium.remote.codec.w3c.W3CHttpResponseCodec.decode(W3CHttpResponseCodec.java:50)
at org.openqa.selenium.remote.HttpCommandExecutor.execute(HttpCommandExecutor.java:190)
at org.openqa.selenium.remote.service.DriverCommandExecutor.invokeExecute(DriverCommandExecutor.java:216)
at org.openqa.selenium.remote.service.DriverCommandExecutor.execute(DriverCommandExecutor.java:174)
at org.openqa.selenium.remote.RemoteWebDriver.execute(RemoteWebDriver.java:527)
at org.openqa.selenium.remote.ElementLocation$ElementFinder$2.findElement(ElementLocation.java:165)
at org.openqa.selenium.remote.ElementLocation.findElement(ElementLocation.java:59)
at org.openqa.selenium.remote.RemoteWebDriver.findElement(RemoteWebDriver.java:357)
at org.openqa.selenium.remote.RemoteWebDriver.findElement(RemoteWebDriver.java:351)
at org.openqa.selenium.support.pagefactory.DefaultElementLocator.findElement(DefaultElementLocator.java:68)
at org.openqa.selenium.support.pagefactory.internal.LocatingElementHandler.invoke(LocatingElementHandler.java:38)
at jdk.proxy2/jdk.proxy2.$Proxy15.click(Unknown Source)
at fcaa.AbstractComponnent.Utility.selectDescending(Utility.java:82)
at fcaa.testCase.level3materials.testTitleAscending(level3materials.java:100)
at java.base/java.util.ArrayList.forEach(ArrayList.java:1597)
... Removed 28 stack frames]]>
    </failure>
  </testcase> <!-- testTitleAscending -->
  <testcase classname="fcaa.testCase.level3materials" name="verifyTotalCount" time="11.679"/>
  <testcase classname="fcaa.testCase.level3materials" name="verifyFirstPageNumber" time="19.603"/>
  <testcase classname="fcaa.testCase.level3materials" name="verifyPreviousPageNumber" time="19.633"/>
  <testcase classname="fcaa.testCase.level3materials" name="verifyNextPageNumber" time="11.16"/>
  <testcase classname="fcaa.testCase.level3materials" name="verifyLastPageNumber" time="16.243"/>
  <testcase classname="fcaa.testCase.instruments" name="testsearchbox" time="1.229"/>
  <testcase classname="fcaa.testCase.instruments" name="testOldest" time="174.047"/>
  <testcase classname="fcaa.testCase.instruments" name="testNewest" time="174.128"/>
  <testcase classname="fcaa.testCase.instruments" name="testTitleDescending" time="334.665"/>
  <testcase classname="fcaa.testCase.instruments" name="testTitleAscending" time="339.558"/>
  <testcase classname="fcaa.testCase.instruments" name="verifyTotalCount" time="74.02"/>
  <testcase classname="fcaa.testCase.instruments" name="verifyFirstPageNumber" time="19.655"/>
  <testcase classname="fcaa.testCase.instruments" name="verifyPreviousPageNumber" time="19.69"/>
  <testcase classname="fcaa.testCase.instruments" name="verifyNextPageNumber" time="11.244"/>
  <testcase classname="fcaa.testCase.instruments" name="verifyLastPageNumber" time="10.039">
    <failure type="org.openqa.selenium.NoSuchElementException" message="no such element: Unable to locate element: {&amp;quot;method&amp;quot;:&amp;quot;css selector&amp;quot;,&amp;quot;selector&amp;quot;:&amp;quot;button[aria-label=&amp;apos;First Page&amp;apos;]&amp;quot;}
  (Session info: chrome=130.0.6723.117)
For documentation on this error, please visit: https://www.selenium.dev/documentation/webdriver/troubleshooting/errors#no-such-element-exception
Build info: version: &amp;apos;4.23.0&amp;apos;, revision: &amp;apos;4df0a231af&amp;apos;
System info: os.name: &amp;apos;Windows 10&amp;apos;, os.arch: &amp;apos;amd64&amp;apos;, os.version: &amp;apos;10.0&amp;apos;, java.version: &amp;apos;22.0.2&amp;apos;
Driver info: org.openqa.selenium.chrome.ChromeDriver
Command: [8eb3267f9862bccb61dd20d64f564a34, findElement {using=css selector, value=button[aria-label=&amp;apos;First Page&amp;apos;]}]
Capabilities {acceptInsecureCerts: false, browserName: chrome, browserVersion: 130.0.6723.117, chrome: {chromedriverVersion: 130.0.6723.116 (6ac35f94ae3..., userDataDir: C:\Users\ROYALT~1\AppData\L...}, fedcm:accounts: true, goog:chromeOptions: {debuggerAddress: localhost:51924}, networkConnectionEnabled: false, pageLoadStrategy: normal, platformName: windows, proxy: Proxy(), se:cdp: ws://localhost:51924/devtoo..., se:cdpVersion: 130.0.6723.117, setWindowRect: true, strictFileInteractability: false, timeouts: {implicit: 0, pageLoad: 300000, script: 30000}, unhandledPromptBehavior: dismiss and notify, webauthn:extension:credBlob: true, webauthn:extension:largeBlob: true, webauthn:extension:minPinLength: true, webauthn:extension:prf: true, webauthn:virtualAuthenticators: true}
Session ID: 8eb3267f9862bccb61dd20d64f564a34">
      <![CDATA[org.openqa.selenium.NoSuchElementException: no such element: Unable to locate element: {"method":"css selector","selector":"button[aria-label='First Page']"}
  (Session info: chrome=130.0.6723.117)
For documentation on this error, please visit: https://www.selenium.dev/documentation/webdriver/troubleshooting/errors#no-such-element-exception
Build info: version: '4.23.0', revision: '4df0a231af'
System info: os.name: 'Windows 10', os.arch: 'amd64', os.version: '10.0', java.version: '22.0.2'
Driver info: org.openqa.selenium.chrome.ChromeDriver
Command: [8eb3267f9862bccb61dd20d64f564a34, findElement {using=css selector, value=button[aria-label='First Page']}]
Capabilities {acceptInsecureCerts: false, browserName: chrome, browserVersion: 130.0.6723.117, chrome: {chromedriverVersion: 130.0.6723.116 (6ac35f94ae3..., userDataDir: C:\Users\ROYALT~1\AppData\L...}, fedcm:accounts: true, goog:chromeOptions: {debuggerAddress: localhost:51924}, networkConnectionEnabled: false, pageLoadStrategy: normal, platformName: windows, proxy: Proxy(), se:cdp: ws://localhost:51924/devtoo..., se:cdpVersion: 130.0.6723.117, setWindowRect: true, strictFileInteractability: false, timeouts: {implicit: 0, pageLoad: 300000, script: 30000}, unhandledPromptBehavior: dismiss and notify, webauthn:extension:credBlob: true, webauthn:extension:largeBlob: true, webauthn:extension:minPinLength: true, webauthn:extension:prf: true, webauthn:virtualAuthenticators: true}
Session ID: 8eb3267f9862bccb61dd20d64f564a34
at org.openqa.selenium.remote.ErrorCodec.decode(ErrorCodec.java:167)
at org.openqa.selenium.remote.codec.w3c.W3CHttpResponseCodec.decode(W3CHttpResponseCodec.java:138)
at org.openqa.selenium.remote.codec.w3c.W3CHttpResponseCodec.decode(W3CHttpResponseCodec.java:50)
at org.openqa.selenium.remote.HttpCommandExecutor.execute(HttpCommandExecutor.java:190)
at org.openqa.selenium.remote.service.DriverCommandExecutor.invokeExecute(DriverCommandExecutor.java:216)
at org.openqa.selenium.remote.service.DriverCommandExecutor.execute(DriverCommandExecutor.java:174)
at org.openqa.selenium.remote.RemoteWebDriver.execute(RemoteWebDriver.java:527)
at org.openqa.selenium.remote.ElementLocation$ElementFinder$2.findElement(ElementLocation.java:165)
at org.openqa.selenium.remote.ElementLocation.findElement(ElementLocation.java:59)
at org.openqa.selenium.remote.RemoteWebDriver.findElement(RemoteWebDriver.java:357)
at org.openqa.selenium.remote.RemoteWebDriver.findElement(RemoteWebDriver.java:351)
at org.openqa.selenium.support.pagefactory.DefaultElementLocator.findElement(DefaultElementLocator.java:68)
at org.openqa.selenium.support.pagefactory.internal.LocatingElementHandler.invoke(LocatingElementHandler.java:38)
at jdk.proxy2/jdk.proxy2.$Proxy15.getWrappedElement(Unknown Source)
at org.openqa.selenium.remote.WebElementToJsonConverter.apply(WebElementToJsonConverter.java:48)
at java.base/java.util.stream.ReferencePipeline$3$1.accept(ReferencePipeline.java:212)
at java.base/java.util.Spliterators$ArraySpliterator.forEachRemaining(Spliterators.java:1024)
at java.base/java.util.stream.AbstractPipeline.copyInto(AbstractPipeline.java:556)
at java.base/java.util.stream.AbstractPipeline.wrapAndCopyInto(AbstractPipeline.java:546)
at java.base/java.util.stream.ReduceOps$ReduceOp.evaluateSequential(ReduceOps.java:921)
at java.base/java.util.stream.AbstractPipeline.evaluate(AbstractPipeline.java:265)
at java.base/java.util.stream.ReferencePipeline.collect(ReferencePipeline.java:702)
at org.openqa.selenium.remote.RemoteWebDriver.executeScript(RemoteWebDriver.java:463)
at fcaa.AbstractComponnent.Utility.scrollToElement(Utility.java:488)
at fcaa.AbstractComponnent.Utility.clickLastPageButton(Utility.java:456)
at fcaa.pageObject.Instruments.checkLastPageBtn(Instruments.java:95)
at fcaa.testCase.instruments.verifyLastPageNumber(instruments.java:141)
at java.base/java.util.ArrayList.forEach(ArrayList.java:1597)
... Removed 28 stack frames]]>
    </failure>
  </testcase> <!-- verifyLastPageNumber -->
  <testcase classname="fcaa.testCase.instruments" name="testEffectiveDateRadio" time="1.314"/>
  <testcase classname="fcaa.testCase.instruments" name="testEffectivedateRange" time="1.214"/>
  <testcase classname="fcaa.testCase.instruments" name="verifyEffectiveDateRadioButtonUnselect" time="1.739"/>
  <testcase classname="fcaa.testCase.instruments" name="verifyEffectiveDateRangeClear" time="1.268"/>
  <testcase classname="fcaa.testCase.instruments" name="clickEffactiveDateRadioText" time="0.875"/>
  <testcase classname="fcaa.testCase.instruments" name="testPublishedDateRadio" time="8.893"/>
  <testcase classname="fcaa.testCase.instruments" name="testPublisheddateRange" time="1.687"/>
  <testcase classname="fcaa.testCase.instruments" name="verifyPublishedDateRadioButtonUnselect" time="6.707"/>
  <testcase classname="fcaa.testCase.instruments" name="verifyPublishedDateRangeClear" time="6.325"/>
</testsuite> <!-- Test -->
