<?xml version="1.0" encoding="UTF-8"?>
<!-- Generated by org.testng.reporters.JUnitReportReporter -->
<testsuite hostname="LAP-SG-10109" failures="1" tests="18" name="fcaa.testCase.latestNewsTest" time="101.482" errors="1" timestamp="2024-10-25T11:29:42 IST" skipped="0">
  <testcase classname="fcaa.testCase.latestNewsTest" name="testsearchbox" time="5.074"/>
  <system-out>
    <![CDATA[Starting test: testsearchbox
Finished test: testsearchbox]]>
  </system-out>
  <testcase classname="fcaa.testCase.latestNewsTest" name="testOldest" time="5.686"/>
  <system-out>
    <![CDATA[Starting test: testOldest
Finished test: testOldest]]>
  </system-out>
  <testcase classname="fcaa.testCase.latestNewsTest" name="testNewest" time="11.389">
    <error message="Expected condition failed: waiting for visibility of element located by By.xpath: //ul/li[@class=&#039;px-0 text-sm ng-star-inserted&#039;] (tried for 5 second(s) with 500 milliseconds interval)
Build info: version: &#039;4.23.0&#039;, revision: &#039;4df0a231af&#039;
System info: os.name: &#039;Windows 10&#039;, os.arch: &#039;amd64&#039;, os.version: &#039;10.0&#039;, java.version: &#039;22.0.2&#039;
Driver info: org.openqa.selenium.chrome.ChromeDriver
Capabilities {acceptInsecureCerts: false, browserName: chrome, browserVersion: 130.0.6723.70, chrome: {chromedriverVersion: 130.0.6723.69 (3ec172b971b9..., userDataDir: C:\Users\ROYALT~1\AppData\L...}, fedcm:accounts: true, goog:chromeOptions: {debuggerAddress: localhost:60682}, networkConnectionEnabled: false, pageLoadStrategy: normal, platformName: windows, proxy: Proxy(), se:cdp: ws://localhost:60682/devtoo..., se:cdpVersion: 130.0.6723.70, setWindowRect: true, strictFileInteractability: false, timeouts: {implicit: 0, pageLoad: 300000, script: 30000}, unhandledPromptBehavior: dismiss and notify, webauthn:extension:credBlob: true, webauthn:extension:largeBlob: true, webauthn:extension:minPinLength: true, webauthn:extension:prf: true, webauthn:virtualAuthenticators: true}
Session ID: 38465fafa36ec3c75452aa437ec4de60" type="org.openqa.selenium.TimeoutException">
      <![CDATA[org.openqa.selenium.TimeoutException: Expected condition failed: waiting for visibility of element located by By.xpath: //ul/li[@class='px-0 text-sm ng-star-inserted'] (tried for 5 second(s) with 500 milliseconds interval)
Build info: version: '4.23.0', revision: '4df0a231af'
System info: os.name: 'Windows 10', os.arch: 'amd64', os.version: '10.0', java.version: '22.0.2'
Driver info: org.openqa.selenium.chrome.ChromeDriver
Capabilities {acceptInsecureCerts: false, browserName: chrome, browserVersion: 130.0.6723.70, chrome: {chromedriverVersion: 130.0.6723.69 (3ec172b971b9..., userDataDir: C:\Users\ROYALT~1\AppData\L...}, fedcm:accounts: true, goog:chromeOptions: {debuggerAddress: localhost:60682}, networkConnectionEnabled: false, pageLoadStrategy: normal, platformName: windows, proxy: Proxy(), se:cdp: ws://localhost:60682/devtoo..., se:cdpVersion: 130.0.6723.70, setWindowRect: true, strictFileInteractability: false, timeouts: {implicit: 0, pageLoad: 300000, script: 30000}, unhandledPromptBehavior: dismiss and notify, webauthn:extension:credBlob: true, webauthn:extension:largeBlob: true, webauthn:extension:minPinLength: true, webauthn:extension:prf: true, webauthn:virtualAuthenticators: true}
Session ID: 38465fafa36ec3c75452aa437ec4de60
at org.openqa.selenium.support.ui.WebDriverWait.timeoutException(WebDriverWait.java:84)
at org.openqa.selenium.support.ui.FluentWait.until(FluentWait.java:228)
at fcaa.AbstractComponnent.Utility.waitForElementToAppear(Utility.java:264)
at fcaa.pageObject.LatestNews.clickOnSort(LatestNews.java:127)
at fcaa.testCase.latestNewsTest.testNewest(latestNewsTest.java:53)
at java.base/jdk.internal.reflect.DirectMethodHandleAccessor.invoke(DirectMethodHandleAccessor.java:103)
at java.base/java.lang.reflect.Method.invoke(Method.java:580)
at org.testng.internal.MethodInvocationHelper.invokeMethod(MethodInvocationHelper.java:133)
at org.testng.internal.TestInvoker.invokeMethod(TestInvoker.java:598)
at org.testng.internal.TestInvoker.invokeTestMethod(TestInvoker.java:173)
at org.testng.internal.MethodRunner.runInSequence(MethodRunner.java:46)
at org.testng.internal.TestInvoker$MethodInvocationAgent.invoke(TestInvoker.java:824)
at org.testng.internal.TestInvoker.invokeTestMethods(TestInvoker.java:146)
at org.testng.internal.TestMethodWorker.invokeTestMethods(TestMethodWorker.java:146)
at org.testng.internal.TestMethodWorker.run(TestMethodWorker.java:128)
at java.base/java.util.ArrayList.forEach(ArrayList.java:1597)
at org.testng.TestRunner.privateRun(TestRunner.java:794)
at org.testng.TestRunner.run(TestRunner.java:596)
at org.testng.SuiteRunner.runTest(SuiteRunner.java:377)
at org.testng.SuiteRunner.runSequentially(SuiteRunner.java:371)
at org.testng.SuiteRunner.privateRun(SuiteRunner.java:332)
at org.testng.SuiteRunner.run(SuiteRunner.java:276)
at org.testng.SuiteRunnerWorker.runSuite(SuiteRunnerWorker.java:53)
at org.testng.SuiteRunnerWorker.run(SuiteRunnerWorker.java:96)
at org.testng.TestNG.runSuitesSequentially(TestNG.java:1212)
at org.testng.TestNG.runSuitesLocally(TestNG.java:1134)
at org.testng.TestNG.runSuites(TestNG.java:1063)
at org.testng.TestNG.run(TestNG.java:1031)
at org.testng.remote.AbstractRemoteTestNG.run(AbstractRemoteTestNG.java:115)
at org.testng.remote.RemoteTestNG.initAndRun(RemoteTestNG.java:293)
at org.testng.remote.RemoteTestNG.main(RemoteTestNG.java:91)
]]>
    </error>
  </testcase> <!-- testNewest -->
  <system-out>
    <![CDATA[Starting test: testNewest]]>
  </system-out>
  <testcase classname="fcaa.testCase.latestNewsTest" name="testTitleDescending" time="4.947"/>
  <system-out>
    <![CDATA[Starting test: testTitleDescending
Finished test: testTitleDescending]]>
  </system-out>
  <testcase classname="fcaa.testCase.latestNewsTest" name="testTitleAscending" time="5.240"/>
  <system-out>
    <![CDATA[Starting test: testTitleAscending
Finished test: testTitleAscending]]>
  </system-out>
  <testcase classname="fcaa.testCase.latestNewsTest" name="testMonthRadio" time="4.231"/>
  <system-out>
    <![CDATA[Starting test: testMonthRadio
Finished test: testMonthRadio]]>
  </system-out>
  <testcase classname="fcaa.testCase.latestNewsTest" name="testdateRange" time="8.495"/>
  <system-out>
    <![CDATA[Starting test: testdateRange
Finished test: testdateRange]]>
  </system-out>
  <testcase classname="fcaa.testCase.latestNewsTest" name="verifyDataWithinDateRange" time="4.938"/>
  <system-out>
    <![CDATA[Starting test: verifyDataWithinDateRange
Finished test: verifyDataWithinDateRange]]>
  </system-out>
  <testcase classname="fcaa.testCase.latestNewsTest" name="verifyRadioButtonUnselect" time="4.645">
    <failure message="Radio button should be unselected after entering date range. expected [false] but found [true]" type="java.lang.AssertionError">
      <![CDATA[java.lang.AssertionError: Radio button should be unselected after entering date range. expected [false] but found [true]
at org.testng.Assert.fail(Assert.java:99)
at org.testng.Assert.failNotEquals(Assert.java:1037)
at org.testng.Assert.assertFalse(Assert.java:67)
at fcaa.testCase.latestNewsTest.verifyRadioButtonUnselect(latestNewsTest.java:119)
at java.base/jdk.internal.reflect.DirectMethodHandleAccessor.invoke(DirectMethodHandleAccessor.java:103)
at java.base/java.lang.reflect.Method.invoke(Method.java:580)
at org.testng.internal.MethodInvocationHelper.invokeMethod(MethodInvocationHelper.java:133)
at org.testng.internal.TestInvoker.invokeMethod(TestInvoker.java:598)
at org.testng.internal.TestInvoker.invokeTestMethod(TestInvoker.java:173)
at org.testng.internal.MethodRunner.runInSequence(MethodRunner.java:46)
at org.testng.internal.TestInvoker$MethodInvocationAgent.invoke(TestInvoker.java:824)
at org.testng.internal.TestInvoker.invokeTestMethods(TestInvoker.java:146)
at org.testng.internal.TestMethodWorker.invokeTestMethods(TestMethodWorker.java:146)
at org.testng.internal.TestMethodWorker.run(TestMethodWorker.java:128)
at java.base/java.util.ArrayList.forEach(ArrayList.java:1597)
at org.testng.TestRunner.privateRun(TestRunner.java:794)
at org.testng.TestRunner.run(TestRunner.java:596)
at org.testng.SuiteRunner.runTest(SuiteRunner.java:377)
at org.testng.SuiteRunner.runSequentially(SuiteRunner.java:371)
at org.testng.SuiteRunner.privateRun(SuiteRunner.java:332)
at org.testng.SuiteRunner.run(SuiteRunner.java:276)
at org.testng.SuiteRunnerWorker.runSuite(SuiteRunnerWorker.java:53)
at org.testng.SuiteRunnerWorker.run(SuiteRunnerWorker.java:96)
at org.testng.TestNG.runSuitesSequentially(TestNG.java:1212)
at org.testng.TestNG.runSuitesLocally(TestNG.java:1134)
at org.testng.TestNG.runSuites(TestNG.java:1063)
at org.testng.TestNG.run(TestNG.java:1031)
at org.testng.remote.AbstractRemoteTestNG.run(AbstractRemoteTestNG.java:115)
at org.testng.remote.RemoteTestNG.initAndRun(RemoteTestNG.java:293)
at org.testng.remote.RemoteTestNG.main(RemoteTestNG.java:91)
]]>
    </failure>
  </testcase> <!-- verifyRadioButtonUnselect -->
  <system-out>
    <![CDATA[Starting test: verifyRadioButtonUnselect]]>
  </system-out>
  <testcase classname="fcaa.testCase.latestNewsTest" name="verifyDateRangeClear" time="3.259"/>
  <system-out>
    <![CDATA[Starting test: verifyDateRangeClear
Finished test: verifyDateRangeClear]]>
  </system-out>
  <testcase classname="fcaa.testCase.latestNewsTest" name="verifyTotalCount" time="4.717"/>
  <system-out>
    <![CDATA[Starting test: verifyTotalCount
Finished test: verifyTotalCount]]>
  </system-out>
  <testcase classname="fcaa.testCase.latestNewsTest" name="verifyLinkText" time="6.332"/>
  <system-out>
    <![CDATA[Starting test: verifyLinkText
Finished test: verifyLinkText]]>
  </system-out>
  <testcase classname="fcaa.testCase.latestNewsTest" name="verifygoBack" time="5.815"/>
  <system-out>
    <![CDATA[Starting test: verifygoBack
Finished test: verifygoBack]]>
  </system-out>
  <testcase classname="fcaa.testCase.latestNewsTest" name="testVerifyOpenPdfInNewTab" time="6.386"/>
  <system-out>
    <![CDATA[Starting test: testVerifyOpenPdfInNewTab
Finished test: testVerifyOpenPdfInNewTab]]>
  </system-out>
  <testcase classname="fcaa.testCase.latestNewsTest" name="verifyFirstPageNumber" time="4.711"/>
  <system-out>
    <![CDATA[Starting test: verifyFirstPageNumber
Next Page button is disabled
First Page button is disabled
Finished test: verifyFirstPageNumber]]>
  </system-out>
  <testcase classname="fcaa.testCase.latestNewsTest" name="verifyPreviousPageNumber" time="4.520"/>
  <system-out>
    <![CDATA[Starting test: verifyPreviousPageNumber
Next Page button is disabled
Previous Page button is disabled
Finished test: verifyPreviousPageNumber]]>
  </system-out>
  <testcase classname="fcaa.testCase.latestNewsTest" name="verifyNextPageNumber" time="4.973"/>
  <system-out>
    <![CDATA[Starting test: verifyNextPageNumber
Next Page button is disabled
Finished test: verifyNextPageNumber]]>
  </system-out>
  <testcase classname="fcaa.testCase.latestNewsTest" name="verifyLastPageNumber" time="6.124"/>
  <system-out>
    <![CDATA[Starting test: verifyLastPageNumber
Last Page button is disabled
Finished test: verifyLastPageNumber]]>
  </system-out>
</testsuite> <!-- fcaa.testCase.latestNewsTest -->
