<?xml version="1.0" encoding="UTF-8"?>
<!-- Generated by org.testng.reporters.JUnitReportReporter -->
<testsuite hostname="LAP-SG-10109" failures="1" tests="18" name="fcaa.testCase.latestNews" time="85.002" errors="0" timestamp="2024-10-24T17:23:20 IST" skipped="0">
  <testcase classname="fcaa.testCase.latestNews" name="testsearchbox" time="4.223"/>
  <system-out>
    <![CDATA[Starting test: testsearchbox
Finished test: testsearchbox]]>
  </system-out>
  <testcase classname="fcaa.testCase.latestNews" name="testOldest" time="4.780"/>
  <system-out>
    <![CDATA[Starting test: testOldest
Finished test: testOldest]]>
  </system-out>
  <testcase classname="fcaa.testCase.latestNews" name="testNewest" time="5.060"/>
  <system-out>
    <![CDATA[Starting test: testNewest
Finished test: testNewest]]>
  </system-out>
  <testcase classname="fcaa.testCase.latestNews" name="testTitleDescending" time="4.932"/>
  <system-out>
    <![CDATA[Starting test: testTitleDescending
Finished test: testTitleDescending]]>
  </system-out>
  <testcase classname="fcaa.testCase.latestNews" name="testTitleAscending" time="5.083"/>
  <system-out>
    <![CDATA[Starting test: testTitleAscending
Finished test: testTitleAscending]]>
  </system-out>
  <testcase classname="fcaa.testCase.latestNews" name="testMonthRadio" time="4.202"/>
  <system-out>
    <![CDATA[Starting test: testMonthRadio
Finished test: testMonthRadio]]>
  </system-out>
  <testcase classname="fcaa.testCase.latestNews" name="testdateRange" time="4.193"/>
  <system-out>
    <![CDATA[Starting test: testdateRange
Finished test: testdateRange]]>
  </system-out>
  <testcase classname="fcaa.testCase.latestNews" name="verifyDataWithinDateRange" time="4.701"/>
  <system-out>
    <![CDATA[Starting test: verifyDataWithinDateRange
Finished test: verifyDataWithinDateRange]]>
  </system-out>
  <testcase classname="fcaa.testCase.latestNews" name="verifyRadioButtonUnselect" time="2.970">
    <failure message="Radio button should be unselected after entering date range. expected [false] but found [true]" type="java.lang.AssertionError">
      <![CDATA[java.lang.AssertionError: Radio button should be unselected after entering date range. expected [false] but found [true]
at org.testng.Assert.fail(Assert.java:99)
at org.testng.Assert.failNotEquals(Assert.java:1037)
at org.testng.Assert.assertFalse(Assert.java:67)
at fcaa.testCase.latestNews.verifyRadioButtonUnselect(latestNews.java:119)
at java.base/jdk.internal.reflect.DirectMethodHandleAccessor.invoke(DirectMethodHandleAccessor.java:103)
at java.base/java.lang.reflect.Method.invoke(Method.java:580)
at org.testng.internal.MethodInvocationHelper.invokeMethod(MethodInvocationHelper.java:133)
at org.testng.internal.TestInvoker.invokeMethod(TestInvoker.java:598)
at org.testng.internal.TestInvoker.invokeTestMethod(TestInvoker.java:173)
at org.testng.internal.MethodRunner.runInSequence(MethodRunner.java:46)
at org.testng.internal.TestInvoker$MethodInvocationAgent.invoke(TestInvoker.java:824)
at org.testng.internal.TestInvoker.invokeTestMethods(TestInvoker.java:146)
at org.testng.internal.TestMethodWorker.invokeTestMethods(TestMethodWorker.java:146)
at org.testng.internal.TestMethodWorker.run(TestMethodWorker.java:128)
at java.base/java.util.ArrayList.forEach(ArrayList.java:1597)
at org.testng.TestRunner.privateRun(TestRunner.java:794)
at org.testng.TestRunner.run(TestRunner.java:596)
at org.testng.SuiteRunner.runTest(SuiteRunner.java:377)
at org.testng.SuiteRunner.runSequentially(SuiteRunner.java:371)
at org.testng.SuiteRunner.privateRun(SuiteRunner.java:332)
at org.testng.SuiteRunner.run(SuiteRunner.java:276)
at org.testng.SuiteRunnerWorker.runSuite(SuiteRunnerWorker.java:53)
at org.testng.SuiteRunnerWorker.run(SuiteRunnerWorker.java:96)
at org.testng.TestNG.runSuitesSequentially(TestNG.java:1212)
at org.testng.TestNG.runSuitesLocally(TestNG.java:1134)
at org.testng.TestNG.runSuites(TestNG.java:1063)
at org.testng.TestNG.run(TestNG.java:1031)
at org.testng.remote.AbstractRemoteTestNG.run(AbstractRemoteTestNG.java:115)
at org.testng.remote.RemoteTestNG.initAndRun(RemoteTestNG.java:293)
at org.testng.remote.RemoteTestNG.main(RemoteTestNG.java:91)
]]>
    </failure>
  </testcase> <!-- verifyRadioButtonUnselect -->
  <system-out>
    <![CDATA[Starting test: verifyRadioButtonUnselect]]>
  </system-out>
  <testcase classname="fcaa.testCase.latestNews" name="verifyDateRangeClear" time="4.518"/>
  <system-out>
    <![CDATA[Starting test: verifyDateRangeClear
Finished test: verifyDateRangeClear]]>
  </system-out>
  <testcase classname="fcaa.testCase.latestNews" name="verifyTotalCount" time="4.297"/>
  <system-out>
    <![CDATA[Starting test: verifyTotalCount
Finished test: verifyTotalCount]]>
  </system-out>
  <testcase classname="fcaa.testCase.latestNews" name="verifyLinkText" time="5.357"/>
  <system-out>
    <![CDATA[Starting test: verifyLinkText
Finished test: verifyLinkText]]>
  </system-out>
  <testcase classname="fcaa.testCase.latestNews" name="verifygoBack" time="5.476"/>
  <system-out>
    <![CDATA[Starting test: verifygoBack
Finished test: verifygoBack]]>
  </system-out>
  <testcase classname="fcaa.testCase.latestNews" name="testVerifyOpenPdfInNewTab" time="6.379"/>
  <system-out>
    <![CDATA[Starting test: testVerifyOpenPdfInNewTab
Finished test: testVerifyOpenPdfInNewTab]]>
  </system-out>
  <testcase classname="fcaa.testCase.latestNews" name="verifyFirstPageNumber" time="4.120"/>
  <system-out>
    <![CDATA[Starting test: verifyFirstPageNumber
Next Page button is disabled
First Page button is disabled
Finished test: verifyFirstPageNumber]]>
  </system-out>
  <testcase classname="fcaa.testCase.latestNews" name="verifyPreviousPageNumber" time="6.166"/>
  <system-out>
    <![CDATA[Starting test: verifyPreviousPageNumber
Next Page button is disabled
Previous Page button is disabled
Finished test: verifyPreviousPageNumber]]>
  </system-out>
  <testcase classname="fcaa.testCase.latestNews" name="verifyNextPageNumber" time="4.253"/>
  <system-out>
    <![CDATA[Starting test: verifyNextPageNumber
Next Page button is disabled
Finished test: verifyNextPageNumber]]>
  </system-out>
  <testcase classname="fcaa.testCase.latestNews" name="verifyLastPageNumber" time="4.292"/>
  <system-out>
    <![CDATA[Starting test: verifyLastPageNumber
Last Page button is disabled
Finished test: verifyLastPageNumber]]>
  </system-out>
</testsuite> <!-- fcaa.testCase.latestNews -->
