<?xml version="1.0" encoding="UTF-8"?>
<!-- Generated by org.testng.reporters.JUnitReportReporter -->
<testsuite hostname="LAP-SG-10109" failures="0" tests="16" name="fcaa.testCase.forms" time="2.668" errors="1" timestamp="2024-11-25T17:13:53 IST" skipped="15">
  <testcase classname="fcaa.testCase.forms" name="verifyDataWithinDateRange" time="0.000">
    <skipped/>
  </testcase> <!-- verifyDataWithinDateRange -->
  <system-out>
    <![CDATA[Starting test: testsearchbox]]>
  </system-out>
  <testcase classname="fcaa.testCase.forms" name="LaunchApplication" time="2.668">
    <error message="Could not start a new session. Response code 500. Message: session not created: Chrome failed to start: exited normally.
  (session not created: DevToolsActivePort file doesn&#039;t exist)
  (The process started from chrome location C:\Program Files\Google\Chrome\Application\chrome.exe is no longer running, so ChromeDriver is assuming that Chrome has crashed.) 
Host info: host: &#039;LAP-SG-10109&#039;, ip: &#039;192.168.0.2&#039;
Build info: version: &#039;4.23.0&#039;, revision: &#039;4df0a231af&#039;
System info: os.name: &#039;Windows 10&#039;, os.arch: &#039;amd64&#039;, os.version: &#039;10.0&#039;, java.version: &#039;22.0.2&#039;
Driver info: org.openqa.selenium.chrome.ChromeDriver
Command: [null, newSession {capabilities=[Capabilities {browserName: chrome, goog:chromeOptions: {args: [], binary: C:\Program Files\Google\Chr..., extensions: []}}]}]" type="org.openqa.selenium.SessionNotCreatedException">
      <![CDATA[org.openqa.selenium.SessionNotCreatedException: Could not start a new session. Response code 500. Message: session not created: Chrome failed to start: exited normally.
  (session not created: DevToolsActivePort file doesn't exist)
  (The process started from chrome location C:\Program Files\Google\Chrome\Application\chrome.exe is no longer running, so ChromeDriver is assuming that Chrome has crashed.) 
Host info: host: 'LAP-SG-10109', ip: '192.168.0.2'
Build info: version: '4.23.0', revision: '4df0a231af'
System info: os.name: 'Windows 10', os.arch: 'amd64', os.version: '10.0', java.version: '22.0.2'
Driver info: org.openqa.selenium.chrome.ChromeDriver
Command: [null, newSession {capabilities=[Capabilities {browserName: chrome, goog:chromeOptions: {args: [], binary: C:\Program Files\Google\Chr..., extensions: []}}]}]
at org.openqa.selenium.remote.ProtocolHandshake.createSession(ProtocolHandshake.java:114)
at org.openqa.selenium.remote.ProtocolHandshake.createSession(ProtocolHandshake.java:75)
at org.openqa.selenium.remote.ProtocolHandshake.createSession(ProtocolHandshake.java:61)
at org.openqa.selenium.remote.HttpCommandExecutor.execute(HttpCommandExecutor.java:162)
at org.openqa.selenium.remote.service.DriverCommandExecutor.invokeExecute(DriverCommandExecutor.java:216)
at org.openqa.selenium.remote.service.DriverCommandExecutor.execute(DriverCommandExecutor.java:174)
at org.openqa.selenium.remote.RemoteWebDriver.execute(RemoteWebDriver.java:527)
at org.openqa.selenium.remote.RemoteWebDriver.startSession(RemoteWebDriver.java:234)
at org.openqa.selenium.remote.RemoteWebDriver.<init>(RemoteWebDriver.java:163)
at org.openqa.selenium.chromium.ChromiumDriver.<init>(ChromiumDriver.java:114)
at org.openqa.selenium.chrome.ChromeDriver.<init>(ChromeDriver.java:88)
at org.openqa.selenium.chrome.ChromeDriver.<init>(ChromeDriver.java:83)
at org.openqa.selenium.chrome.ChromeDriver.<init>(ChromeDriver.java:51)
at fcaa.testComponent.BaseClass.initializeDriver(BaseClass.java:33)
at fcaa.testComponent.BaseClass.LaunchApplication(BaseClass.java:48)
at java.base/jdk.internal.reflect.DirectMethodHandleAccessor.invoke(DirectMethodHandleAccessor.java:103)
at java.base/java.lang.reflect.Method.invoke(Method.java:580)
at org.testng.internal.MethodInvocationHelper.invokeMethod(MethodInvocationHelper.java:133)
at org.testng.internal.MethodInvocationHelper.invokeMethodConsideringTimeout(MethodInvocationHelper.java:62)
at org.testng.internal.ConfigInvoker.invokeConfigurationMethod(ConfigInvoker.java:385)
at org.testng.internal.ConfigInvoker.invokeConfigurations(ConfigInvoker.java:321)
at org.testng.internal.TestInvoker.runConfigMethods(TestInvoker.java:700)
at org.testng.internal.TestInvoker.invokeMethod(TestInvoker.java:527)
at org.testng.internal.TestInvoker.invokeTestMethod(TestInvoker.java:173)
at org.testng.internal.MethodRunner.runInSequence(MethodRunner.java:46)
at org.testng.internal.TestInvoker$MethodInvocationAgent.invoke(TestInvoker.java:824)
at org.testng.internal.TestInvoker.invokeTestMethods(TestInvoker.java:146)
at org.testng.internal.TestMethodWorker.invokeTestMethods(TestMethodWorker.java:146)
at org.testng.internal.TestMethodWorker.run(TestMethodWorker.java:128)
at java.base/java.util.ArrayList.forEach(ArrayList.java:1597)
at org.testng.TestRunner.privateRun(TestRunner.java:794)
at org.testng.TestRunner.run(TestRunner.java:596)
at org.testng.SuiteRunner.runTest(SuiteRunner.java:377)
at org.testng.SuiteRunner.runSequentially(SuiteRunner.java:371)
at org.testng.SuiteRunner.privateRun(SuiteRunner.java:332)
at org.testng.SuiteRunner.run(SuiteRunner.java:276)
at org.testng.SuiteRunnerWorker.runSuite(SuiteRunnerWorker.java:53)
at org.testng.SuiteRunnerWorker.run(SuiteRunnerWorker.java:96)
at org.testng.TestNG.runSuitesSequentially(TestNG.java:1212)
at org.testng.TestNG.runSuitesLocally(TestNG.java:1134)
at org.testng.TestNG.runSuites(TestNG.java:1063)
at org.testng.TestNG.run(TestNG.java:1031)
at org.testng.remote.AbstractRemoteTestNG.run(AbstractRemoteTestNG.java:115)
at org.testng.remote.RemoteTestNG.initAndRun(RemoteTestNG.java:293)
at org.testng.remote.RemoteTestNG.main(RemoteTestNG.java:91)
]]>
    </error>
  </testcase> <!-- LaunchApplication -->
  <system-out/>
  <testcase classname="fcaa.testCase.forms" name="testsearchbox" time="0.000">
    <skipped/>
  </testcase> <!-- testsearchbox -->
  <system-out>
    <![CDATA[Starting test: testOldest]]>
  </system-out>
  <testcase classname="fcaa.testCase.forms" name="testOldest" time="0.000">
    <skipped/>
  </testcase> <!-- testOldest -->
  <system-out>
    <![CDATA[Starting test: testNewest]]>
  </system-out>
  <testcase classname="fcaa.testCase.forms" name="testNewest" time="0.000">
    <skipped/>
  </testcase> <!-- testNewest -->
  <system-out>
    <![CDATA[Starting test: testTitleDescending]]>
  </system-out>
  <testcase classname="fcaa.testCase.forms" name="testTitleDescending" time="0.000">
    <skipped/>
  </testcase> <!-- testTitleDescending -->
  <system-out>
    <![CDATA[Starting test: testTitleAscending]]>
  </system-out>
  <testcase classname="fcaa.testCase.forms" name="testTitleAscending" time="0.000">
    <skipped/>
  </testcase> <!-- testTitleAscending -->
  <system-out>
    <![CDATA[Starting test: testMonthRadio]]>
  </system-out>
  <testcase classname="fcaa.testCase.forms" name="testMonthRadio" time="0.000">
    <skipped/>
  </testcase> <!-- testMonthRadio -->
  <system-out>
    <![CDATA[Starting test: testdateRange]]>
  </system-out>
  <testcase classname="fcaa.testCase.forms" name="testdateRange" time="0.000">
    <skipped/>
  </testcase> <!-- testdateRange -->
  <system-out>
    <![CDATA[Starting test: verifyRadioButtonUnselect]]>
  </system-out>
  <testcase classname="fcaa.testCase.forms" name="verifyRadioButtonUnselect" time="0.000">
    <skipped/>
  </testcase> <!-- verifyRadioButtonUnselect -->
  <system-out>
    <![CDATA[Starting test: verifyDateRangeClear]]>
  </system-out>
  <testcase classname="fcaa.testCase.forms" name="verifyDateRangeClear" time="0.000">
    <skipped/>
  </testcase> <!-- verifyDateRangeClear -->
  <system-out>
    <![CDATA[Starting test: verifyTotalCount]]>
  </system-out>
  <testcase classname="fcaa.testCase.forms" name="verifyTotalCount" time="0.000">
    <skipped/>
  </testcase> <!-- verifyTotalCount -->
  <system-out>
    <![CDATA[Starting test: verifyFirstPageNumber]]>
  </system-out>
  <testcase classname="fcaa.testCase.forms" name="verifyFirstPageNumber" time="0.000">
    <skipped/>
  </testcase> <!-- verifyFirstPageNumber -->
  <system-out>
    <![CDATA[Starting test: verifyPreviousPageNumber]]>
  </system-out>
  <testcase classname="fcaa.testCase.forms" name="verifyPreviousPageNumber" time="0.000">
    <skipped/>
  </testcase> <!-- verifyPreviousPageNumber -->
  <system-out>
    <![CDATA[Starting test: verifyNextPageNumber]]>
  </system-out>
  <testcase classname="fcaa.testCase.forms" name="verifyNextPageNumber" time="0.000">
    <skipped/>
  </testcase> <!-- verifyNextPageNumber -->
  <system-out>
    <![CDATA[Starting test: verifyLastPageNumber]]>
  </system-out>
  <testcase classname="fcaa.testCase.forms" name="verifyLastPageNumber" time="0.000">
    <skipped/>
  </testcase> <!-- verifyLastPageNumber -->
  <system-out/>
</testsuite> <!-- fcaa.testCase.forms -->
